2024-08-21 00:28:38.463 | 15576     | INFO  | INIT with 16 workers.
2024-08-21 00:28:38.464 | 62472     | INFO  | WORKER-1 START
2024-08-21 00:28:38.464 | 62480     | INFO  | WORKER-2 START
2024-08-21 00:28:38.464 | 62488     | INFO  | WORKER-3 START
2024-08-21 00:28:38.464 | 62496     | INFO  | WORKER-4 START
2024-08-21 00:28:38.464 | 62504     | INFO  | WORKER-5 START
2024-08-21 00:28:38.465 | 62512     | INFO  | WORKER-6 START
2024-08-21 00:28:38.465 | 62520     | INFO  | WORKER-7 START
2024-08-21 00:28:38.465 | 62528     | INFO  | WORKER-8 START
2024-08-21 00:28:38.465 | 62536     | INFO  | WORKER-9 START
2024-08-21 00:28:38.465 | 62544     | INFO  | WORKER-10 START
2024-08-21 00:28:38.466 | 62552     | INFO  | WORKER-11 START
2024-08-21 00:28:38.466 | 62560     | INFO  | WORKER-12 START
2024-08-21 00:28:38.466 | 62568     | INFO  | WORKER-13 START
2024-08-21 00:28:38.466 | 62576     | INFO  | WORKER-14 START
2024-08-21 00:28:38.466 | 62584     | INFO  | WORKER-15 START
2024-08-21 00:28:38.466 | :01000001 | INFO  | [WORKER 1] new service [bootstrap]
2024-08-21 00:28:38.466 | 62592     | INFO  | WORKER-16 START
2024-08-21 00:28:38.482 | :01000002 | INFO  | [WORKER 1] new service [db_openid]
2024-08-21 00:28:40.554 | 62472     | ERROR | 139.9.205.119:6379 connect: 由于目标计算机积极拒绝，无法连接。(10061) (socket_server.cpp:48)
2024-08-21 00:28:40.554 | 62472     | ERROR | new_service lua_error:
moon/service/redisd.lua:142: redisd connect 139.9.205.119:6379 failed
stack traceback:
	[C]: in function 'assert'
	moon/service/redisd.lua:142: in main chunk
	[C]: in ?. (lua_service.cpp:131)
2024-08-21 00:28:40.554 | :01000002 | INFO  | [WORKER 1] destroy service [db_openid] 
2024-08-21 00:28:40.559 | 62592     | INFO  | WORKER-16 STOP
2024-08-21 00:28:40.559 | 62584     | INFO  | WORKER-15 STOP
2024-08-21 00:28:40.559 | 62576     | INFO  | WORKER-14 STOP
2024-08-21 00:28:40.559 | 62568     | INFO  | WORKER-13 STOP
2024-08-21 00:28:40.559 | 62560     | INFO  | WORKER-12 STOP
2024-08-21 00:28:40.559 | 62552     | INFO  | WORKER-11 STOP
2024-08-21 00:28:40.559 | 62544     | INFO  | WORKER-10 STOP
2024-08-21 00:28:40.560 | 62536     | INFO  | WORKER-9 STOP
2024-08-21 00:28:40.560 | 62528     | INFO  | WORKER-8 STOP
2024-08-21 00:28:40.560 | 62520     | INFO  | WORKER-7 STOP
2024-08-21 00:28:40.560 | 62512     | INFO  | WORKER-6 STOP
2024-08-21 00:28:40.560 | 62504     | INFO  | WORKER-5 STOP
2024-08-21 00:28:40.560 | 62496     | INFO  | WORKER-4 STOP
2024-08-21 00:28:40.560 | 62488     | INFO  | WORKER-3 STOP
2024-08-21 00:28:40.560 | 62480     | INFO  | WORKER-2 STOP
2024-08-21 00:28:40.560 | :01000001 | INFO  | [WORKER 1] destroy service [bootstrap] 
2024-08-21 00:28:40.560 | 62472     | INFO  | WORKER-1 STOP
2024-08-21 00:28:40.561 | 15576     | INFO  | STOP
2024-08-21 00:28:40.575 | 15576     | INFO  | mimalloc memory stats:
heap stats:     peak       total       freed     current        unit       count   
  reserved:     1.0 GiB     1.0 GiB   120.4 KiB     1.0 GiB                          
 committed:    36.4 MiB   548.4 MiB   516.3 MiB    32.1 MiB                          
     reset:     0      
    purged:   512.4 MiB
   touched:     1.0 MiB     1.0 MiB     1.5 MiB  -469.4 KiB                          ok
  segments:    19          32          32           0                                ok
-abandoned:    16          16          15           1                                not all freed
   -cached:     0           0           0           0                                ok
     pages:     0           0          49         -49                                ok
-abandoned:    17          17          16           1                                not all freed
 -extended:     0      
 -noretire:     0      
    arenas:     1      
-crossover:     0      
 -rollback:     0      
     mmaps:     0      
   commits:    63      
    resets:     0      
    purges:     2      
   threads:    16          17          16           1                                not all freed
  searches:     0.0 avg
numa nodes:     1
   elapsed:     2.115 s
   process: user: 0.000 s, system: 0.000 s, faults: 3034, rss: 11.2 MiB, commit: 43.1 MiB
