2024-08-21 00:28:53.486 | 62588     | INFO  | INIT with 16 workers.
2024-08-21 00:28:53.487 | 39196     | INFO  | WORKER-1 START
2024-08-21 00:28:53.487 | 27628     | INFO  | WORKER-2 START
2024-08-21 00:28:53.487 | 3868      | INFO  | WORKER-3 START
2024-08-21 00:28:53.487 | 33760     | INFO  | WORKER-4 START
2024-08-21 00:28:53.487 | 62724     | INFO  | WORKER-5 START
2024-08-21 00:28:53.487 | 22396     | INFO  | WORKER-6 START
2024-08-21 00:28:53.488 | 62720     | INFO  | WORKER-7 START
2024-08-21 00:28:53.488 | 62296     | INFO  | WORKER-8 START
2024-08-21 00:28:53.488 | 17600     | INFO  | WORKER-9 START
2024-08-21 00:28:53.488 | 46404     | INFO  | WORKER-10 START
2024-08-21 00:28:53.488 | 9392      | INFO  | WORKER-11 START
2024-08-21 00:28:53.488 | 57200     | INFO  | WORKER-12 START
2024-08-21 00:28:53.488 | 46336     | INFO  | WORKER-13 START
2024-08-21 00:28:53.489 | 50956     | INFO  | WORKER-14 START
2024-08-21 00:28:53.489 | 28636     | INFO  | WORKER-15 START
2024-08-21 00:28:53.489 | :01000001 | INFO  | [WORKER 1] new service [bootstrap]
2024-08-21 00:28:53.489 | 58576     | INFO  | WORKER-16 START
2024-08-21 00:28:53.505 | :01000002 | INFO  | [WORKER 1] new service [db_openid]
2024-08-21 00:28:55.575 | 39196     | ERROR | 139.9.205.119:6379 connect: 由于目标计算机积极拒绝，无法连接。(10061) (socket_server.cpp:48)
2024-08-21 00:28:55.575 | 39196     | ERROR | new_service lua_error:
moon/service/redisd.lua:142: redisd connect 139.9.205.119:6379 failed
stack traceback:
	[C]: in function 'assert'
	moon/service/redisd.lua:142: in main chunk
	[C]: in ?. (lua_service.cpp:131)
2024-08-21 00:28:55.575 | :01000002 | INFO  | [WORKER 1] destroy service [db_openid] 
2024-08-21 00:28:55.580 | 58576     | INFO  | WORKER-16 STOP
2024-08-21 00:28:55.580 | 28636     | INFO  | WORKER-15 STOP
2024-08-21 00:28:55.580 | 50956     | INFO  | WORKER-14 STOP
2024-08-21 00:28:55.581 | 46336     | INFO  | WORKER-13 STOP
2024-08-21 00:28:55.581 | 57200     | INFO  | WORKER-12 STOP
2024-08-21 00:28:55.581 | 9392      | INFO  | WORKER-11 STOP
2024-08-21 00:28:55.581 | 46404     | INFO  | WORKER-10 STOP
2024-08-21 00:28:55.581 | 17600     | INFO  | WORKER-9 STOP
2024-08-21 00:28:55.581 | 62296     | INFO  | WORKER-8 STOP
2024-08-21 00:28:55.581 | 62720     | INFO  | WORKER-7 STOP
2024-08-21 00:28:55.581 | 22396     | INFO  | WORKER-6 STOP
2024-08-21 00:28:55.581 | 62724     | INFO  | WORKER-5 STOP
2024-08-21 00:28:55.581 | 33760     | INFO  | WORKER-4 STOP
2024-08-21 00:28:55.581 | 3868      | INFO  | WORKER-3 STOP
2024-08-21 00:28:55.581 | 27628     | INFO  | WORKER-2 STOP
2024-08-21 00:28:55.581 | :01000001 | INFO  | [WORKER 1] destroy service [bootstrap] 
2024-08-21 00:28:55.581 | 39196     | INFO  | WORKER-1 STOP
2024-08-21 00:28:55.582 | 62588     | INFO  | STOP
2024-08-21 00:28:55.613 | 62588     | INFO  | mimalloc memory stats:
heap stats:     peak       total       freed     current        unit       count   
  reserved:     1.0 GiB     1.0 GiB   120.4 KiB     1.0 GiB                          
 committed:    36.4 MiB   548.4 MiB   516.3 MiB    32.1 MiB                          
     reset:     0      
    purged:   512.4 MiB
   touched:     1.0 MiB     1.0 MiB     1.5 MiB  -469.3 KiB                          ok
  segments:    19          32          32           0                                ok
-abandoned:    16          16          15           1                                not all freed
   -cached:     0           0           0           0                                ok
     pages:     0           0          49         -49                                ok
-abandoned:    19          19          18           1                                not all freed
 -extended:     0      
 -noretire:     0      
    arenas:     1      
-crossover:     0      
 -rollback:     0      
     mmaps:     0      
   commits:    63      
    resets:     0      
    purges:     2      
   threads:    16          17          16           1                                not all freed
  searches:     0.0 avg
numa nodes:     1
   elapsed:     2.131 s
   process: user: 0.000 s, system: 0.000 s, faults: 3027, rss: 11.2 MiB, commit: 43.0 MiB
