2024-08-21 01:03:52.525 | 25172     | INFO  | INIT with 16 workers.
2024-08-21 01:03:52.526 | 39768     | INFO  | WORKER-1 START
2024-08-21 01:03:52.526 | 10092     | INFO  | WORKER-2 START
2024-08-21 01:03:52.526 | 56692     | INFO  | WORKER-3 START
2024-08-21 01:03:52.526 | 16496     | INFO  | WORKER-4 START
2024-08-21 01:03:52.526 | 62648     | INFO  | WORKER-5 START
2024-08-21 01:03:52.526 | 13956     | INFO  | WORKER-6 START
2024-08-21 01:03:52.527 | 62628     | INFO  | WORKER-7 START
2024-08-21 01:03:52.527 | 62596     | INFO  | WORKER-8 START
2024-08-21 01:03:52.527 | 13376     | INFO  | WORKER-9 START
2024-08-21 01:03:52.527 | 24136     | INFO  | WORKER-10 START
2024-08-21 01:03:52.527 | 63868     | INFO  | WORKER-11 START
2024-08-21 01:03:52.527 | 7248      | INFO  | WORKER-12 START
2024-08-21 01:03:52.527 | 29308     | INFO  | WORKER-13 START
2024-08-21 01:03:52.527 | 62232     | INFO  | WORKER-14 START
2024-08-21 01:03:52.527 | 49176     | INFO  | WORKER-15 START
2024-08-21 01:03:52.527 | :01000001 | INFO  | [WORKER 1] new service [bootstrap]
2024-08-21 01:03:52.527 | 64076     | INFO  | WORKER-16 START
2024-08-21 01:03:52.542 | :01000002 | INFO  | [WORKER 1] new service [db_openid]
2024-08-21 01:03:52.554 | :01000003 | INFO  | [WORKER 1] new service [db_server]
2024-08-21 01:03:52.565 | :01000004 | INFO  | [WORKER 1] new service [db_user]
2024-08-21 01:03:52.577 | :02000001 | INFO  | [WORKER 2] new service [db_game]
2024-08-21 01:03:52.589 | :02000002 | INFO  | [WORKER 2] new service [auth]
2024-08-21 01:03:52.592 | :03000001 | INFO  | [WORKER 3] new service [gate]
2024-08-21 01:03:52.595 | :04000001 | INFO  | [WORKER 4] new service [center]
2024-08-21 01:03:52.597 | :05000001 | INFO  | [WORKER 5] new service [cluster]
2024-08-21 01:03:52.599 | :06000001 | INFO  | [WORKER 6] new service [node]
2024-08-21 01:03:52.601 | :07000001 | INFO  | [WORKER 7] new service [sharetable]
2024-08-21 01:03:52.603 | :08000001 | INFO  | [WORKER 8] new service [mail]
2024-08-21 01:03:52.605 | :09000001 | INFO  | [WORKER 9] new service [robot]
2024-08-21 01:03:52.634 | :01000001 | ERROR | server will abort, init error
    ./common\CreateTable.lua:5: code: 28000
message: role "test" does not exist
severity: FATAL
stack traceback:
	[C]: in function 'assert'
	./common\CreateTable.lua:5: in upvalue 'check_err'
	./common\CreateTable.lua:16: in function 'common.CreateTable'
	main_game.lua:139: in function <main_game.lua:137>
	[C]: in function 'xpcall'
	main_game.lua:180: in local 'fn'
	moon/lualib/moon.lua:228: in upvalue 'invoke'
	moon/lualib/moon.lua:235: in function <moon/lualib/moon.lua:233>    (main_game.lua:182)
2024-08-21 01:03:52.637 | 64076     | INFO  | WORKER-16 STOP
2024-08-21 01:03:52.637 | 49176     | INFO  | WORKER-15 STOP
2024-08-21 01:03:52.637 | 62232     | INFO  | WORKER-14 STOP
2024-08-21 01:03:52.638 | 29308     | INFO  | WORKER-13 STOP
2024-08-21 01:03:52.638 | 7248      | INFO  | WORKER-12 STOP
2024-08-21 01:03:52.638 | 63868     | INFO  | WORKER-11 STOP
2024-08-21 01:03:52.638 | 24136     | INFO  | WORKER-10 STOP
2024-08-21 01:03:52.638 | :09000001 | INFO  | [WORKER 9] destroy service [robot] 
2024-08-21 01:03:52.638 | 13376     | INFO  | WORKER-9 STOP
2024-08-21 01:03:52.638 | :08000001 | INFO  | [WORKER 8] destroy service [mail] 
2024-08-21 01:03:52.638 | 62596     | INFO  | WORKER-8 STOP
2024-08-21 01:03:52.638 | :07000001 | INFO  | [WORKER 7] destroy service [sharetable] 
2024-08-21 01:03:52.638 | 62628     | INFO  | WORKER-7 STOP
2024-08-21 01:03:52.638 | :06000001 | INFO  | [WORKER 6] destroy service [node] 
2024-08-21 01:03:52.638 | 13956     | INFO  | WORKER-6 STOP
2024-08-21 01:03:52.638 | :05000001 | INFO  | [WORKER 5] destroy service [cluster] 
2024-08-21 01:03:52.638 | 62648     | INFO  | WORKER-5 STOP
2024-08-21 01:03:52.638 | :04000001 | INFO  | [WORKER 4] destroy service [center] 
2024-08-21 01:03:52.638 | 16496     | INFO  | WORKER-4 STOP
2024-08-21 01:03:52.638 | :03000001 | INFO  | [WORKER 3] destroy service [gate] 
2024-08-21 01:03:52.638 | 56692     | INFO  | WORKER-3 STOP
2024-08-21 01:03:52.638 | :02000001 | INFO  | [WORKER 2] destroy service [db_game] 
2024-08-21 01:03:52.638 | :02000002 | INFO  | [WORKER 2] destroy service [auth] 
2024-08-21 01:03:52.638 | 10092     | INFO  | WORKER-2 STOP
2024-08-21 01:03:52.638 | :01000001 | INFO  | [WORKER 1] destroy service [bootstrap] 
2024-08-21 01:03:52.638 | :01000002 | INFO  | [WORKER 1] destroy service [db_openid] 
2024-08-21 01:03:52.639 | :01000003 | INFO  | [WORKER 1] destroy service [db_server] 
2024-08-21 01:03:52.639 | :01000004 | INFO  | [WORKER 1] destroy service [db_user] 
2024-08-21 01:03:52.639 | 39768     | INFO  | WORKER-1 STOP
2024-08-21 01:03:52.640 | 25172     | INFO  | STOP
2024-08-21 01:03:52.654 | 25172     | INFO  | mimalloc memory stats:
heap stats:     peak       total       freed     current        unit       count   
  reserved:     1.0 GiB     1.0 GiB   120.4 KiB     1.0 GiB                          
 committed:    47.4 MiB   559.4 MiB   527.3 MiB    32.1 MiB                          
     reset:     0      
    purged:   512.3 MiB
   touched:     1.0 MiB     1.0 MiB     3.3 MiB    -2.2 MiB                          ok
  segments:    20          32          32           0                                ok
-abandoned:    16          16          15           1                                not all freed
   -cached:     0           0           0           0                                ok
     pages:     0           0         226        -226                                ok
-abandoned:    18          18          17           1                                not all freed
 -extended:     0      
 -noretire:     0      
    arenas:     1      
-crossover:     0      
 -rollback:     0      
     mmaps:     0      
   commits:   239      
    resets:     0      
    purges:     3      
   threads:    16          17          16           1                                not all freed
  searches:     0.0 avg
numa nodes:     1
   elapsed:     0.132 s
   process: user: 0.000 s, system: 0.000 s, faults: 3673, rss: 13.7 MiB, commit: 54.6 MiB
