2024-08-20 23:54:14.437 | 60140     | INFO  | INIT with 16 workers.
2024-08-20 23:54:14.438 | 15268     | INFO  | WORKER-1 START
2024-08-20 23:54:14.438 | 4296      | INFO  | WORKER-2 START
2024-08-20 23:54:14.438 | 15092     | INFO  | WORKER-3 START
2024-08-20 23:54:14.438 | 62144     | INFO  | WORKER-4 START
2024-08-20 23:54:14.438 | 37484     | INFO  | WORKER-5 START
2024-08-20 23:54:14.438 | 46412     | INFO  | WORKER-6 START
2024-08-20 23:54:14.438 | 47144     | INFO  | WORKER-7 START
2024-08-20 23:54:14.439 | 45080     | INFO  | WORKER-8 START
2024-08-20 23:54:14.439 | 40728     | INFO  | WORKER-9 START
2024-08-20 23:54:14.439 | 34772     | INFO  | WORKER-10 START
2024-08-20 23:54:14.439 | 56284     | INFO  | WORKER-11 START
2024-08-20 23:54:14.439 | 9664      | INFO  | WORKER-12 START
2024-08-20 23:54:14.439 | 61540     | INFO  | WORKER-13 START
2024-08-20 23:54:14.439 | 51216     | INFO  | WORKER-14 START
2024-08-20 23:54:14.439 | 8904      | INFO  | WORKER-15 START
2024-08-20 23:54:14.439 | :01000001 | INFO  | [WORKER 1] new service [bootstrap]
2024-08-20 23:54:14.439 | 23044     | INFO  | WORKER-16 START
2024-08-20 23:54:14.454 | :01000002 | INFO  | [WORKER 1] new service [db_openid]
2024-08-20 23:54:14.466 | :01000003 | INFO  | [WORKER 1] new service [db_server]
2024-08-20 23:54:14.477 | :01000004 | INFO  | [WORKER 1] new service [db_user]
2024-08-20 23:54:14.489 | :02000001 | INFO  | [WORKER 2] new service [db_game]
2024-08-20 23:54:14.500 | :02000002 | INFO  | [WORKER 2] new service [auth]
2024-08-20 23:54:14.503 | :03000001 | INFO  | [WORKER 3] new service [gate]
2024-08-20 23:54:14.506 | :04000001 | INFO  | [WORKER 4] new service [center]
2024-08-20 23:54:14.508 | :05000001 | INFO  | [WORKER 5] new service [cluster]
2024-08-20 23:54:14.509 | :06000001 | INFO  | [WORKER 6] new service [node]
2024-08-20 23:54:14.511 | :07000001 | INFO  | [WORKER 7] new service [sharetable]
2024-08-20 23:54:14.513 | :08000001 | INFO  | [WORKER 8] new service [mail]
2024-08-20 23:54:14.515 | :09000001 | INFO  | [WORKER 9] new service [robot]
2024-08-20 23:54:14.552 | :01000001 | ERROR | server will abort, init error
    ./common\CreateTable.lua:5: code: 28P01
message: password authentication failed for user "postgres"
severity: FATAL
stack traceback:
	[C]: in function 'assert'
	./common\CreateTable.lua:5: in upvalue 'check_err'
	./common\CreateTable.lua:16: in function 'common.CreateTable'
	main_game.lua:139: in function <main_game.lua:137>
	[C]: in function 'xpcall'
	main_game.lua:180: in local 'fn'
	moon/lualib/moon.lua:228: in upvalue 'invoke'
	moon/lualib/moon.lua:235: in function <moon/lualib/moon.lua:233>    (main_game.lua:182)
2024-08-20 23:54:14.563 | 23044     | INFO  | WORKER-16 STOP
2024-08-20 23:54:14.563 | 8904      | INFO  | WORKER-15 STOP
2024-08-20 23:54:14.563 | 51216     | INFO  | WORKER-14 STOP
2024-08-20 23:54:14.564 | 61540     | INFO  | WORKER-13 STOP
2024-08-20 23:54:14.564 | 9664      | INFO  | WORKER-12 STOP
2024-08-20 23:54:14.564 | 56284     | INFO  | WORKER-11 STOP
2024-08-20 23:54:14.564 | 34772     | INFO  | WORKER-10 STOP
2024-08-20 23:54:14.564 | :09000001 | INFO  | [WORKER 9] destroy service [robot] 
2024-08-20 23:54:14.564 | 40728     | INFO  | WORKER-9 STOP
2024-08-20 23:54:14.564 | :08000001 | INFO  | [WORKER 8] destroy service [mail] 
2024-08-20 23:54:14.564 | 45080     | INFO  | WORKER-8 STOP
2024-08-20 23:54:14.564 | :07000001 | INFO  | [WORKER 7] destroy service [sharetable] 
2024-08-20 23:54:14.564 | 47144     | INFO  | WORKER-7 STOP
2024-08-20 23:54:14.564 | :06000001 | INFO  | [WORKER 6] destroy service [node] 
2024-08-20 23:54:14.564 | 46412     | INFO  | WORKER-6 STOP
2024-08-20 23:54:14.564 | :05000001 | INFO  | [WORKER 5] destroy service [cluster] 
2024-08-20 23:54:14.564 | 37484     | INFO  | WORKER-5 STOP
2024-08-20 23:54:14.564 | :04000001 | INFO  | [WORKER 4] destroy service [center] 
2024-08-20 23:54:14.564 | 62144     | INFO  | WORKER-4 STOP
2024-08-20 23:54:14.564 | :03000001 | INFO  | [WORKER 3] destroy service [gate] 
2024-08-20 23:54:14.564 | 15092     | INFO  | WORKER-3 STOP
2024-08-20 23:54:14.565 | :02000001 | INFO  | [WORKER 2] destroy service [db_game] 
2024-08-20 23:54:14.565 | :02000002 | INFO  | [WORKER 2] destroy service [auth] 
2024-08-20 23:54:14.565 | 4296      | INFO  | WORKER-2 STOP
2024-08-20 23:54:14.565 | :01000001 | INFO  | [WORKER 1] destroy service [bootstrap] 
2024-08-20 23:54:14.565 | :01000002 | INFO  | [WORKER 1] destroy service [db_openid] 
2024-08-20 23:54:14.565 | :01000003 | INFO  | [WORKER 1] destroy service [db_server] 
2024-08-20 23:54:14.565 | :01000004 | INFO  | [WORKER 1] destroy service [db_user] 
2024-08-20 23:54:14.565 | 15268     | INFO  | WORKER-1 STOP
2024-08-20 23:54:14.566 | 60140     | INFO  | STOP
2024-08-20 23:54:14.580 | 60140     | INFO  | mimalloc memory stats:
heap stats:     peak       total       freed     current        unit       count   
  reserved:     1.0 GiB     1.0 GiB   120.4 KiB     1.0 GiB                          
 committed:    47.4 MiB   559.4 MiB   527.3 MiB    32.1 MiB                          
     reset:     0      
    purged:   512.3 MiB
   touched:     1.0 MiB     1.0 MiB     3.3 MiB    -2.2 MiB                          ok
  segments:    20          32          32           0                                ok
-abandoned:    16          16          15           1                                not all freed
   -cached:     0           0           0           0                                ok
     pages:     0           0         226        -226                                ok
-abandoned:    18          18          17           1                                not all freed
 -extended:     0      
 -noretire:     0      
    arenas:     1      
-crossover:     0      
 -rollback:     0      
     mmaps:     0      
   commits:   239      
    resets:     0      
    purges:     3      
   threads:    16          17          16           1                                not all freed
  searches:     0.0 avg
numa nodes:     1
   elapsed:     0.146 s
   process: user: 0.000 s, system: 0.000 s, faults: 3678, rss: 13.7 MiB, commit: 54.6 MiB
