2024-08-21 00:54:24.303 | 58948     | INFO  | INIT with 8 workers.
2024-08-21 00:54:24.304 | 63868     | INFO  | WORKER-1 START
2024-08-21 00:54:24.304 | 5732      | INFO  | WORKER-2 START
2024-08-21 00:54:24.304 | 60968     | INFO  | WORKER-3 START
2024-08-21 00:54:24.304 | 6108      | INFO  | WORKER-4 START
2024-08-21 00:54:24.304 | 63784     | INFO  | WORKER-5 START
2024-08-21 00:54:24.304 | 16728     | INFO  | WORKER-6 START
2024-08-21 00:54:24.304 | 18216     | INFO  | WORKER-7 START
2024-08-21 00:54:24.304 | :01000001 | INFO  | [WORKER 1] new service [bootstrap]
2024-08-21 00:54:24.305 | 21996     | INFO  | WORKER-8 START
2024-08-21 00:54:24.320 | :01000002 | INFO  | [WORKER 1] new service [cluster]
2024-08-21 00:54:24.322 | :02000001 | INFO  | [WORKER 2] new service [hub1]
2024-08-21 00:54:24.332 | :03000001 | INFO  | [WORKER 3] new service [hub2]
2024-08-21 00:54:24.332 | :02000001 | INFO  | loadnode    (game/service_hub.lua:315)
2024-08-21 00:54:24.340 | :04000001 | INFO  | [WORKER 4] new service [hub3]
2024-08-21 00:54:24.341 | :03000001 | INFO  | loadnode    (game/service_hub.lua:315)
2024-08-21 00:54:24.350 | :05000001 | INFO  | [WORKER 5] new service [hub4]
2024-08-21 00:54:24.350 | :04000001 | INFO  | loadnode    (game/service_hub.lua:315)
2024-08-21 00:54:24.361 | :06000001 | INFO  | [WORKER 6] new service [hub5]
2024-08-21 00:54:24.361 | :05000001 | INFO  | loadnode    (game/service_hub.lua:315)
2024-08-21 00:54:24.375 | :07000001 | INFO  | [WORKER 7] new service [hub6]
2024-08-21 00:54:24.375 | :06000001 | INFO  | loadnode    (game/service_hub.lua:315)
2024-08-21 00:54:24.386 | :08000001 | INFO  | [WORKER 8] new service [hub7]
2024-08-21 00:54:24.386 | :07000001 | INFO  | loadnode    (game/service_hub.lua:315)
2024-08-21 00:54:24.394 | :02000002 | INFO  | [WORKER 2] new service [hub8]
2024-08-21 00:54:24.395 | :08000001 | INFO  | loadnode    (game/service_hub.lua:315)
2024-08-21 00:54:24.402 | :02000002 | INFO  | loadnode    (game/service_hub.lua:315)
2024-08-21 00:54:24.403 | :01000001 | INFO  | Http server start    127.0.0.1    8003    (main_hub.lua:85)
