2024-08-21 01:33:22.267 | 48828     | INFO  | INIT with 8 workers.
2024-08-21 01:33:22.268 | 44980     | INFO  | WORKER-1 START
2024-08-21 01:33:22.268 | 63484     | INFO  | WORKER-2 START
2024-08-21 01:33:22.268 | 38932     | INFO  | WORKER-3 START
2024-08-21 01:33:22.268 | 53800     | INFO  | WORKER-4 START
2024-08-21 01:33:22.268 | 66256     | INFO  | WORKER-5 START
2024-08-21 01:33:22.269 | 65964     | INFO  | WORKER-6 START
2024-08-21 01:33:22.269 | 62748     | INFO  | WORKER-7 START
2024-08-21 01:33:22.269 | :01000001 | INFO  | [WORKER 1] new service [bootstrap]
2024-08-21 01:33:22.269 | 52116     | INFO  | WORKER-8 START
2024-08-21 01:33:22.303 | :01000002 | INFO  | [WORKER 1] new service [cluster]
2024-08-21 01:33:22.309 | :02000001 | INFO  | [WORKER 2] new service [hub1]
2024-08-21 01:33:22.335 | :03000001 | INFO  | [WORKER 3] new service [hub2]
2024-08-21 01:33:22.335 | :02000001 | INFO  | loadnode    (game/service_hub.lua:315)
2024-08-21 01:33:22.348 | :04000001 | INFO  | [WORKER 4] new service [hub3]
2024-08-21 01:33:22.348 | :03000001 | INFO  | loadnode    (game/service_hub.lua:315)
2024-08-21 01:33:22.373 | :05000001 | INFO  | [WORKER 5] new service [hub4]
2024-08-21 01:33:22.374 | :04000001 | INFO  | loadnode    (game/service_hub.lua:315)
2024-08-21 01:33:22.420 | :06000001 | INFO  | [WORKER 6] new service [hub5]
2024-08-21 01:33:22.420 | :05000001 | INFO  | loadnode    (game/service_hub.lua:315)
2024-08-21 01:33:22.446 | :07000001 | INFO  | [WORKER 7] new service [hub6]
2024-08-21 01:33:22.447 | :06000001 | INFO  | loadnode    (game/service_hub.lua:315)
2024-08-21 01:33:22.467 | :08000001 | INFO  | [WORKER 8] new service [hub7]
2024-08-21 01:33:22.467 | :07000001 | INFO  | loadnode    (game/service_hub.lua:315)
2024-08-21 01:33:22.489 | :02000002 | INFO  | [WORKER 2] new service [hub8]
2024-08-21 01:33:22.489 | :08000001 | INFO  | loadnode    (game/service_hub.lua:315)
2024-08-21 01:33:22.510 | :02000002 | INFO  | loadnode    (game/service_hub.lua:315)
2024-08-21 01:33:22.511 | :01000001 | INFO  | Http server start    127.0.0.1    8003    (main_hub.lua:85)
