2024-08-21 01:09:53.151 | 53044     | INFO  | INIT with 8 workers.
2024-08-21 01:09:53.152 | 31672     | INFO  | WORKER-1 START
2024-08-21 01:09:53.152 | 51132     | INFO  | WORKER-2 START
2024-08-21 01:09:53.152 | 62932     | INFO  | WORKER-3 START
2024-08-21 01:09:53.152 | 52116     | INFO  | WORKER-4 START
2024-08-21 01:09:53.153 | 40008     | INFO  | WORKER-5 START
2024-08-21 01:09:53.153 | 25100     | INFO  | WORKER-6 START
2024-08-21 01:09:53.153 | 62872     | INFO  | WORKER-7 START
2024-08-21 01:09:53.153 | :01000001 | INFO  | [WORKER 1] new service [bootstrap]
2024-08-21 01:09:53.153 | 30808     | INFO  | WORKER-8 START
2024-08-21 01:09:53.172 | :01000002 | INFO  | [WORKER 1] new service [cluster]
2024-08-21 01:09:53.175 | :02000001 | INFO  | [WORKER 2] new service [hub1]
2024-08-21 01:09:53.187 | :03000001 | INFO  | [WORKER 3] new service [hub2]
2024-08-21 01:09:53.187 | :02000001 | INFO  | loadnode    (game/service_hub.lua:315)
2024-08-21 01:09:53.196 | :04000001 | INFO  | [WORKER 4] new service [hub3]
2024-08-21 01:09:53.196 | :03000001 | INFO  | loadnode    (game/service_hub.lua:315)
2024-08-21 01:09:53.206 | :05000001 | INFO  | [WORKER 5] new service [hub4]
2024-08-21 01:09:53.206 | :04000001 | INFO  | loadnode    (game/service_hub.lua:315)
2024-08-21 01:09:53.216 | :06000001 | INFO  | [WORKER 6] new service [hub5]
2024-08-21 01:09:53.216 | :05000001 | INFO  | loadnode    (game/service_hub.lua:315)
2024-08-21 01:09:53.226 | :07000001 | INFO  | [WORKER 7] new service [hub6]
2024-08-21 01:09:53.226 | :06000001 | INFO  | loadnode    (game/service_hub.lua:315)
2024-08-21 01:09:53.235 | :08000001 | INFO  | [WORKER 8] new service [hub7]
2024-08-21 01:09:53.235 | :07000001 | INFO  | loadnode    (game/service_hub.lua:315)
2024-08-21 01:09:53.245 | :02000002 | INFO  | [WORKER 2] new service [hub8]
2024-08-21 01:09:53.245 | :08000001 | INFO  | loadnode    (game/service_hub.lua:315)
2024-08-21 01:09:53.253 | :02000002 | INFO  | loadnode    (game/service_hub.lua:315)
2024-08-21 01:09:53.254 | :01000001 | INFO  | Http server start    127.0.0.1    8003    (main_hub.lua:85)
