2024-08-21 00:58:44.638 | 64220     | INFO  | INIT with 8 workers.
2024-08-21 00:58:44.639 | 58908     | INFO  | WORKER-1 START
2024-08-21 00:58:44.639 | 63968     | INFO  | WORKER-2 START
2024-08-21 00:58:44.639 | 63064     | INFO  | WORKER-3 START
2024-08-21 00:58:44.639 | 60800     | INFO  | WORKER-4 START
2024-08-21 00:58:44.640 | 46776     | INFO  | WORKER-5 START
2024-08-21 00:58:44.640 | 58300     | INFO  | WORKER-6 START
2024-08-21 00:58:44.640 | 60004     | INFO  | WORKER-7 START
2024-08-21 00:58:44.640 | :01000001 | INFO  | [WORKER 1] new service [bootstrap]
2024-08-21 00:58:44.640 | 43924     | INFO  | WORKER-8 START
2024-08-21 00:58:44.657 | :01000002 | INFO  | [WORKER 1] new service [cluster]
2024-08-21 00:58:44.659 | :02000001 | INFO  | [WORKER 2] new service [hub1]
2024-08-21 00:58:44.668 | :03000001 | INFO  | [WORKER 3] new service [hub2]
2024-08-21 00:58:44.668 | :02000001 | INFO  | loadnode    (game/service_hub.lua:315)
2024-08-21 00:58:44.674 | :04000001 | INFO  | [WORKER 4] new service [hub3]
2024-08-21 00:58:44.674 | :03000001 | INFO  | loadnode    (game/service_hub.lua:315)
2024-08-21 00:58:44.682 | :05000001 | INFO  | [WORKER 5] new service [hub4]
2024-08-21 00:58:44.682 | :04000001 | INFO  | loadnode    (game/service_hub.lua:315)
2024-08-21 00:58:44.688 | :06000001 | INFO  | [WORKER 6] new service [hub5]
2024-08-21 00:58:44.689 | :05000001 | INFO  | loadnode    (game/service_hub.lua:315)
2024-08-21 00:58:44.696 | :07000001 | INFO  | [WORKER 7] new service [hub6]
2024-08-21 00:58:44.696 | :06000001 | INFO  | loadnode    (game/service_hub.lua:315)
2024-08-21 00:58:44.703 | :08000001 | INFO  | [WORKER 8] new service [hub7]
2024-08-21 00:58:44.703 | :07000001 | INFO  | loadnode    (game/service_hub.lua:315)
2024-08-21 00:58:44.710 | :02000002 | INFO  | [WORKER 2] new service [hub8]
2024-08-21 00:58:44.711 | :08000001 | INFO  | loadnode    (game/service_hub.lua:315)
2024-08-21 00:58:44.718 | :02000002 | INFO  | loadnode    (game/service_hub.lua:315)
2024-08-21 00:58:44.718 | :01000001 | INFO  | Http server start    127.0.0.1    8003    (main_hub.lua:85)
